app/build/outputs/logs/manifest-merger-debug-report.txt
-- Merging decision tree log ---
manifest
ADDED from src\main\AndroidManifest.xml:2:1-29:12
	package
		ADDED from src\main\AndroidManifest.xml:3:7-49
		INJECTED from src\main\AndroidManifest.xml
		INJECTED from src\main\AndroidManifest.xml
	android:versionName
		ADDED from src\main\AndroidManifest.xml:5:7-32
		INJECTED from src\main\AndroidManifest.xml
		INJECTED from src\main\AndroidManifest.xml
	android:versionCode
		ADDED from src\main\AndroidManifest.xml:4:7-30
		INJECTED from src\main\AndroidManifest.xml
		INJECTED from src\main\AndroidManifest.xml
	xmlns:android
		ADDED from src\main\AndroidManifest.xml:2:11-69
uses-sdk
ADDED from src\main\AndroidManifest.xml:6:5-43
	android:targetSdkVersion
		INJECTED from src\main\AndroidManifest.xml
		INJECTED from src\main\AndroidManifest.xml
	android:minSdkVersion
		ADDED from src\main\AndroidManifest.xml:6:15-41
		INJECTED from src\main\AndroidManifest.xml
		INJECTED from src\main\AndroidManifest.xml
uses-permission#android.permission.ACCESS_FINE_LOCATION
ADDED from src\main\AndroidManifest.xml:8:5-79
	android:name
		ADDED from src\main\AndroidManifest.xml:8:22-76
uses-permission#android.permission.ACCESS_COARSE_LOCATION
ADDED from src\main\AndroidManifest.xml:9:5-81
	android:name
		ADDED from src\main\AndroidManifest.xml:9:22-78
uses-permission#android.permission.ACCESS_WIFI_STATE
ADDED from src\main\AndroidManifest.xml:10:5-76
	android:name
		ADDED from src\main\AndroidManifest.xml:10:22-73
uses-permission#android.permission.INTERNET
ADDED from src\main\AndroidManifest.xml:11:2-64
	android:name
		ADDED from src\main\AndroidManifest.xml:11:19-61
uses-permission#android.permission.WAKE_LOCK
ADDED from src\main\AndroidManifest.xml:12:2-65
	android:name
		ADDED from src\main\AndroidManifest.xml:12:19-62
uses-permission#android.permission.WRITE_EXTERNAL_STORAGE
ADDED from src\main\AndroidManifest.xml:13:2-78
	android:name
		ADDED from src\main\AndroidManifest.xml:13:19-75
uses-permission#android.permission.ACCESS_NETWORK_STATE
ADDED from src\main\AndroidManifest.xml:14:2-76
	android:name
		ADDED from src\main\AndroidManifest.xml:14:19-73
application
ADDED from src\main\AndroidManifest.xml:16:5-27:19
	android:label
		ADDED from src\main\AndroidManifest.xml:16:48-80
	android:debuggable
		ADDED from src\main\AndroidManifest.xml:16:113-138
	android:icon
		ADDED from src\main\AndroidManifest.xml:16:18-47
	android:theme
		ADDED from src\main\AndroidManifest.xml:16:81-112
activity#ubc.cs.cpsc210.sustainabilityapp.UBCSustainabilityAppActivity
ADDED from src\main\AndroidManifest.xml:17:9-23:20
	android:label
		ADDED from src\main\AndroidManifest.xml:18:19-51
	android:name
		ADDED from src\main\AndroidManifest.xml:17:19-63
intent-filter#android.intent.action.MAIN+android.intent.category.LAUNCHER
ADDED from src\main\AndroidManifest.xml:19:13-22:29
action#android.intent.action.MAIN
ADDED from src\main\AndroidManifest.xml:20:17-69
	android:name
		ADDED from src\main\AndroidManifest.xml:20:25-66
category#android.intent.category.LAUNCHER
ADDED from src\main\AndroidManifest.xml:21:17-77
	android:name
		ADDED from src\main\AndroidManifest.xml:21:27-74
activity#ubc.cs.cpsc210.sustainabilityapp.MapDisplayFragment
ADDED from src\main\AndroidManifest.xml:24:9-98
	android:label
		ADDED from src\main\AndroidManifest.xml:24:54-86
	android:name
		ADDED from src\main\AndroidManifest.xml:24:19-53
activity#ubc.cs.cpsc210.sustainabilityapp.POIFragment
ADDED from src\main\AndroidManifest.xml:25:9-91
	android:label
		ADDED from src\main\AndroidManifest.xml:25:47-79
	android:name
		ADDED from src\main\AndroidManifest.xml:25:19-46
activity#ubc.cs.cpsc210.sustainabilityapp.FeatureFragment
ADDED from src\main\AndroidManifest.xml:26:9-95
	android:label
		ADDED from src\main\AndroidManifest.xml:26:51-83
	android:name
		ADDED from src\main\AndroidManifest.xml:26:19-50